This file contains any messages produced by compilers while
running configure, to aid debugging if configure makes a mistake.

It was created by audacious-plugins configure 1.4.0, which was
generated by GNU Autoconf 2.61.  Invocation command line was

  $ ./configure 

## --------- ##
## Platform. ##
## --------- ##

hostname = petrie
uname -m = x86_64
uname -r = 2.6.22-gentoo-r2
uname -s = Linux
uname -v = #8 SMP Tue Aug 7 09:39:58 CDT 2007

/usr/bin/uname -p = AMD Sempron(tm) Processor 2600+
/bin/uname -X     = unknown

/bin/arch              = unknown
/usr/bin/arch -k       = unknown
/usr/convex/getsysinfo = unknown
/usr/bin/hostinfo      = unknown
/bin/machine           = unknown
/usr/bin/oslevel       = unknown
/bin/universe          = unknown

PATH: /usr/local/bin
PATH: /usr/bin
PATH: /bin
PATH: /opt/bin
PATH: /usr/x86_64-pc-linux-gnu/gcc-bin/4.2.0
PATH: /usr/games/bin


## ----------- ##
## Core tests. ##
## ----------- ##

configure:1828: checking build system type
configure:1846: result: x86_64-unknown-linux-gnu
configure:1868: checking host system type
configure:1883: result: x86_64-unknown-linux-gnu
configure:1905: checking target system type
configure:1920: result: x86_64-unknown-linux-gnu
configure:2033: checking for gcc
configure:2049: found /usr/bin/gcc
configure:2060: result: gcc
configure:2298: checking for C compiler version
configure:2305: gcc --version >&5
gcc (GCC) 4.2.0 (Gentoo 4.2.0 p1.4)
Copyright (C) 2007 Free Software Foundation, Inc.
This is free software; see the source for copying conditions.  There is NO
warranty; not even for MERCHANTABILITY or FITNESS FOR A PARTICULAR PURPOSE.

configure:2308: $? = 0
configure:2315: gcc -v >&5
Using built-in specs.
Target: x86_64-pc-linux-gnu
Configured with: /var/tmp/paludis/sys-devel/gcc-4.2.0/work/gcc-4.2.0/configure --prefix=/usr --bindir=/usr/x86_64-pc-linux-gnu/gcc-bin/4.2.0 --includedir=/usr/lib/gcc/x86_64-pc-linux-gnu/4.2.0/include --datadir=/usr/share/gcc-data/x86_64-pc-linux-gnu/4.2.0 --mandir=/usr/share/gcc-data/x86_64-pc-linux-gnu/4.2.0/man --infodir=/usr/share/gcc-data/x86_64-pc-linux-gnu/4.2.0/info --with-gxx-include-dir=/usr/lib/gcc/x86_64-pc-linux-gnu/4.2.0/include/g++-v4 --host=x86_64-pc-linux-gnu --build=x86_64-pc-linux-gnu --disable-altivec --enable-nls --without-included-gettext --with-system-zlib --disable-checking --disable-werror --enable-secureplt --disable-libunwind-exceptions --enable-multilib --enable-libmudflap --disable-libssp --disable-libgcj --enable-languages=c,c++,fortran --enable-shared --enable-threads=posix --enable-__cxa_atexit --enable-clocale=gnu
Thread model: posix
gcc version 4.2.0 (Gentoo 4.2.0 p1.4)
configure:2318: $? = 0
configure:2325: gcc -V >&5
gcc: '-V' option must have argument
configure:2328: $? = 1
configure:2351: checking for C compiler default output file name
configure:2378: gcc    conftest.c  >&5
configure:2381: $? = 0
configure:2419: result: a.out
configure:2436: checking whether the C compiler works
configure:2446: ./a.out
configure:2449: $? = 0
configure:2466: result: yes
configure:2473: checking whether we are cross compiling
configure:2475: result: no
configure:2478: checking for suffix of executables
configure:2485: gcc -o conftest    conftest.c  >&5
configure:2488: $? = 0
configure:2512: result: 
configure:2518: checking for suffix of object files
configure:2544: gcc -c   conftest.c >&5
configure:2547: $? = 0
configure:2570: result: o
configure:2574: checking whether we are using the GNU C compiler
configure:2603: gcc -c   conftest.c >&5
configure:2609: $? = 0
configure:2626: result: yes
configure:2631: checking whether gcc accepts -g
configure:2661: gcc -c -g  conftest.c >&5
configure:2667: $? = 0
configure:2766: result: yes
configure:2783: checking for gcc option to accept ISO C89
configure:2857: gcc  -c -g -O2  conftest.c >&5
configure:2863: $? = 0
configure:2886: result: none needed
configure:2962: checking for g++
configure:2978: found /usr/bin/g++
configure:2989: result: g++
configure:3020: checking for C++ compiler version
configure:3027: g++ --version >&5
g++ (GCC) 4.2.0 (Gentoo 4.2.0 p1.4)
Copyright (C) 2007 Free Software Foundation, Inc.
This is free software; see the source for copying conditions.  There is NO
warranty; not even for MERCHANTABILITY or FITNESS FOR A PARTICULAR PURPOSE.

configure:3030: $? = 0
configure:3037: g++ -v >&5
Using built-in specs.
Target: x86_64-pc-linux-gnu
Configured with: /var/tmp/paludis/sys-devel/gcc-4.2.0/work/gcc-4.2.0/configure --prefix=/usr --bindir=/usr/x86_64-pc-linux-gnu/gcc-bin/4.2.0 --includedir=/usr/lib/gcc/x86_64-pc-linux-gnu/4.2.0/include --datadir=/usr/share/gcc-data/x86_64-pc-linux-gnu/4.2.0 --mandir=/usr/share/gcc-data/x86_64-pc-linux-gnu/4.2.0/man --infodir=/usr/share/gcc-data/x86_64-pc-linux-gnu/4.2.0/info --with-gxx-include-dir=/usr/lib/gcc/x86_64-pc-linux-gnu/4.2.0/include/g++-v4 --host=x86_64-pc-linux-gnu --build=x86_64-pc-linux-gnu --disable-altivec --enable-nls --without-included-gettext --with-system-zlib --disable-checking --disable-werror --enable-secureplt --disable-libunwind-exceptions --enable-multilib --enable-libmudflap --disable-libssp --disable-libgcj --enable-languages=c,c++,fortran --enable-shared --enable-threads=posix --enable-__cxa_atexit --enable-clocale=gnu
Thread model: posix
gcc version 4.2.0 (Gentoo 4.2.0 p1.4)
configure:3040: $? = 0
configure:3047: g++ -V >&5
g++: '-V' option must have argument
configure:3050: $? = 1
configure:3053: checking whether we are using the GNU C++ compiler
configure:3082: g++ -c   conftest.cpp >&5
configure:3088: $? = 0
configure:3105: result: yes
configure:3110: checking whether g++ accepts -g
configure:3140: g++ -c -g  conftest.cpp >&5
configure:3146: $? = 0
configure:3245: result: yes
configure:3270: checking for strerror in -lcposix
configure:3305: gcc -o conftest -g -O2   conftest.c -lcposix   >&5
/usr/lib/gcc/x86_64-pc-linux-gnu/4.2.0/../../../../x86_64-pc-linux-gnu/bin/ld: cannot find -lcposix
collect2: ld returned 1 exit status
configure:3311: $? = 1
configure: failed program was:
| /* confdefs.h.  */
| #define PACKAGE_NAME "audacious-plugins"
| #define PACKAGE_TARNAME "audacious-plugins"
| #define PACKAGE_VERSION "1.4.0"
| #define PACKAGE_STRING "audacious-plugins 1.4.0"
| #define PACKAGE_BUGREPORT "bugs+audacious-plugins@atheme.org"
| #define PACKAGE "audacious-plugins"
| #define VERSION "1.4.0"
| /* end confdefs.h.  */
| 
| /* Override any GCC internal prototype to avoid an error.
|    Use char because int might match the return type of a GCC
|    builtin and then its argument prototype would still apply.  */
| #ifdef __cplusplus
| extern "C"
| #endif
| char strerror ();
| int
| main ()
| {
| return strerror ();
|   ;
|   return 0;
| }
configure:3329: result: no
configure:3342: checking how to run the C preprocessor
configure:3382: gcc -E  conftest.c
configure:3388: $? = 0
configure:3419: gcc -E  conftest.c
conftest.c:10:28: error: ac_nonexistent.h: No such file or directory
configure:3425: $? = 1
configure: failed program was:
| /* confdefs.h.  */
| #define PACKAGE_NAME "audacious-plugins"
| #define PACKAGE_TARNAME "audacious-plugins"
| #define PACKAGE_VERSION "1.4.0"
| #define PACKAGE_STRING "audacious-plugins 1.4.0"
| #define PACKAGE_BUGREPORT "bugs+audacious-plugins@atheme.org"
| #define PACKAGE "audacious-plugins"
| #define VERSION "1.4.0"
| /* end confdefs.h.  */
| #include <ac_nonexistent.h>
configure:3458: result: gcc -E
configure:3487: gcc -E  conftest.c
configure:3493: $? = 0
configure:3524: gcc -E  conftest.c
conftest.c:10:28: error: ac_nonexistent.h: No such file or directory
configure:3530: $? = 1
configure: failed program was:
| /* confdefs.h.  */
| #define PACKAGE_NAME "audacious-plugins"
| #define PACKAGE_TARNAME "audacious-plugins"
| #define PACKAGE_VERSION "1.4.0"
| #define PACKAGE_STRING "audacious-plugins 1.4.0"
| #define PACKAGE_BUGREPORT "bugs+audacious-plugins@atheme.org"
| #define PACKAGE "audacious-plugins"
| #define VERSION "1.4.0"
| /* end confdefs.h.  */
| #include <ac_nonexistent.h>
configure:3568: checking for grep that handles long lines and -e
configure:3642: result: /bin/grep
configure:3647: checking for egrep
configure:3725: result: /bin/grep -E
configure:3730: checking for ANSI C header files
configure:3760: gcc -c -g -O2  conftest.c >&5
configure:3766: $? = 0
configure:3865: gcc -o conftest -g -O2   conftest.c  >&5
configure:3868: $? = 0
configure:3874: ./conftest
configure:3877: $? = 0
configure:3894: result: yes
configure:3918: checking for sys/types.h
configure:3939: gcc -c -g -O2  conftest.c >&5
configure:3945: $? = 0
configure:3961: result: yes
configure:3918: checking for sys/stat.h
configure:3939: gcc -c -g -O2  conftest.c >&5
configure:3945: $? = 0
configure:3961: result: yes
configure:3918: checking for stdlib.h
configure:3939: gcc -c -g -O2  conftest.c >&5
configure:3945: $? = 0
configure:3961: result: yes
configure:3918: checking for string.h
configure:3939: gcc -c -g -O2  conftest.c >&5
configure:3945: $? = 0
configure:3961: result: yes
configure:3918: checking for memory.h
configure:3939: gcc -c -g -O2  conftest.c >&5
configure:3945: $? = 0
configure:3961: result: yes
configure:3918: checking for strings.h
configure:3939: gcc -c -g -O2  conftest.c >&5
configure:3945: $? = 0
configure:3961: result: yes
configure:3918: checking for inttypes.h
configure:3939: gcc -c -g -O2  conftest.c >&5
configure:3945: $? = 0
configure:3961: result: yes
configure:3918: checking for stdint.h
configure:3939: gcc -c -g -O2  conftest.c >&5
configure:3945: $? = 0
configure:3961: result: yes
configure:3918: checking for unistd.h
configure:3939: gcc -c -g -O2  conftest.c >&5
configure:3945: $? = 0
configure:3961: result: yes
configure:3973: checking whether byte ordering is bigendian
configure:4006: gcc -c -g -O2  conftest.c >&5
configure:4012: $? = 0
configure:4044: gcc -c -g -O2  conftest.c >&5
conftest.c: In function 'main':
conftest.c:27: error: 'not' undeclared (first use in this function)
conftest.c:27: error: (Each undeclared identifier is reported only once
conftest.c:27: error: for each function it appears in.)
conftest.c:27: error: expected ';' before 'big'
configure:4050: $? = 1
configure: failed program was:
| /* confdefs.h.  */
| #define PACKAGE_NAME "audacious-plugins"
| #define PACKAGE_TARNAME "audacious-plugins"
| #define PACKAGE_VERSION "1.4.0"
| #define PACKAGE_STRING "audacious-plugins 1.4.0"
| #define PACKAGE_BUGREPORT "bugs+audacious-plugins@atheme.org"
| #define PACKAGE "audacious-plugins"
| #define VERSION "1.4.0"
| #define STDC_HEADERS 1
| #define HAVE_SYS_TYPES_H 1
| #define HAVE_SYS_STAT_H 1
| #define HAVE_STDLIB_H 1
| #define HAVE_STRING_H 1
| #define HAVE_MEMORY_H 1
| #define HAVE_STRINGS_H 1
| #define HAVE_INTTYPES_H 1
| #define HAVE_STDINT_H 1
| #define HAVE_UNISTD_H 1
| /* end confdefs.h.  */
| #include <sys/types.h>
| #include <sys/param.h>
| 
| int
| main ()
| {
| #if BYTE_ORDER != BIG_ENDIAN
|  not big endian
| #endif
| 
|   ;
|   return 0;
| }
configure:4190: result: no
configure:4222: checking for gcc
configure:4249: result: gcc
configure:4264: checking version of gcc
configure:4274: result: 4.2.0, ok
configure:4304: checking for style of include used by make
configure:4332: result: GNU
configure:4363: checking dependency style of gcc
configure:4454: result: none
configure:4471: checking whether ln -s works
configure:4475: result: yes
configure:4482: checking whether make sets $(MAKE)
configure:4503: result: yes
configure:4515: checking for rm
configure:4533: found /usr/bin/rm
configure:4545: result: /usr/bin/rm
configure:4555: checking for mv
configure:4573: found /usr/bin/mv
configure:4585: result: /usr/bin/mv
configure:4595: checking for cp
configure:4613: found /usr/bin/cp
configure:4625: result: /usr/bin/cp
configure:4635: checking for ar
configure:4653: found /usr/bin/ar
configure:4665: result: /usr/bin/ar
configure:4675: checking for ranlib
configure:4693: found /usr/bin/ranlib
configure:4705: result: /usr/bin/ranlib
configure:4727: checking for a BSD-compatible install
configure:4783: result: /usr/bin/install -c
configure:4808: checking whether NLS is requested
configure:4817: result: yes
configure:4855: checking for msgfmt
configure:4886: result: /usr/bin/msgfmt
configure:4895: checking for gmsgfmt
configure:4913: found /usr/bin/gmsgfmt
configure:4926: result: /usr/bin/gmsgfmt
configure:4966: checking for xgettext
configure:4997: result: /usr/bin/xgettext
configure:5037: checking for msgmerge
configure:5067: result: /usr/bin/msgmerge
configure:5142: checking for ld used by GCC
configure:5205: result: /usr/x86_64-pc-linux-gnu/bin/ld
configure:5214: checking if the linker (/usr/x86_64-pc-linux-gnu/bin/ld) is GNU ld
GNU ld (GNU Binutils) 2.18
configure:5226: result: yes
configure:5232: checking for shared library run path origin
configure:5245: result: done
configure:5661: checking whether NLS is requested
configure:5670: result: yes
configure:5688: checking for GNU gettext in libc
configure:5717: gcc -o conftest -g -O2 -pipe -Wall   conftest.c  >&5
conftest.c: In function 'main':
conftest.c:27: warning: cast from pointer to integer of different size
configure:5723: $? = 0
configure:5740: result: yes
configure:6430: checking whether to use NLS
configure:6432: result: yes
configure:6435: checking where the gettext function comes from
configure:6446: result: libc
configure:6516: checking for pkg-config
configure:6534: found /usr/bin/pkg-config
configure:6547: result: /usr/bin/pkg-config
configure:6565: checking for audacious >= 1.3.99
configure:6569: result: yes
configure:6573: checking AUDACIOUS_CFLAGS
configure:6576: result: -I/usr/include/glib-2.0 -I/usr/lib64/glib-2.0/include -I/usr/include/gtk-2.0 -I/usr/include/libmowgli -I/usr/lib64/gtk-2.0/include -I/usr/include/atk-1.0 -I/usr/include/cairo -I/usr/include/pango-1.0 -I/usr/include/freetype2 -I/usr/include/libpng12  
configure:6579: checking AUDACIOUS_LIBS
configure:6582: result: -laudclient -lgtk-x11-2.0 -lmcs -lgdk-x11-2.0 -latk-1.0 -lgdk_pixbuf-2.0 -lm -lpangocairo-1.0 -lpango-1.0 -lcairo -lgobject-2.0 -lgmodule-2.0 -ldl -lglib-2.0 -lmowgli  
configure:6672: checking for libmowgli >= 0.2.0
configure:6676: result: yes
configure:6680: checking MOWGLI_CFLAGS
configure:6683: result: -I/usr/include/libmowgli  
configure:6686: checking MOWGLI_LIBS
configure:6689: result: -lmowgli  
configure:6725: checking for shared library system
configure:6793: result: POSIX
configure:6824: checking whether we need an implib
configure:6834: result: no
configure:6964: creating ./config.status

## ---------------------- ##
## Running config.status. ##
## ---------------------- ##

This file was extended by audacious-plugins config.status 1.4.0, which was
generated by GNU Autoconf 2.61.  Invocation command line was

  CONFIG_FILES    = 
  CONFIG_HEADERS  = 
  CONFIG_LINKS    = 
  CONFIG_COMMANDS = 
  $ ./config.status 

on petrie

config.status:675: error: cannot find input file: buildsys.mk.in

## ---------------- ##
## Cache variables. ##
## ---------------- ##

ac_cv_build=x86_64-unknown-linux-gnu
ac_cv_c_bigendian=no
ac_cv_c_compiler_gnu=yes
ac_cv_cxx_compiler_gnu=yes
ac_cv_env_CCASFLAGS_set=
ac_cv_env_CCASFLAGS_value=
ac_cv_env_CCAS_set=
ac_cv_env_CCAS_value=
ac_cv_env_CCC_set=
ac_cv_env_CCC_value=
ac_cv_env_CC_set=
ac_cv_env_CC_value=
ac_cv_env_CFLAGS_set=
ac_cv_env_CFLAGS_value=
ac_cv_env_CPPFLAGS_set=
ac_cv_env_CPPFLAGS_value=
ac_cv_env_CPP_set=
ac_cv_env_CPP_value=
ac_cv_env_CXXFLAGS_set=
ac_cv_env_CXXFLAGS_value=
ac_cv_env_CXX_set=
ac_cv_env_CXX_value=
ac_cv_env_LDFLAGS_set=
ac_cv_env_LDFLAGS_value=
ac_cv_env_LIBS_set=
ac_cv_env_LIBS_value=
ac_cv_env_build_alias_set=
ac_cv_env_build_alias_value=
ac_cv_env_host_alias_set=
ac_cv_env_host_alias_value=
ac_cv_env_target_alias_set=
ac_cv_env_target_alias_value=
ac_cv_header_inttypes_h=yes
ac_cv_header_memory_h=yes
ac_cv_header_stdc=yes
ac_cv_header_stdint_h=yes
ac_cv_header_stdlib_h=yes
ac_cv_header_string_h=yes
ac_cv_header_strings_h=yes
ac_cv_header_sys_stat_h=yes
ac_cv_header_sys_types_h=yes
ac_cv_header_unistd_h=yes
ac_cv_host=x86_64-unknown-linux-gnu
ac_cv_lib_cposix_strerror=no
ac_cv_objext=o
ac_cv_path_AR=/usr/bin/ar
ac_cv_path_CP=/usr/bin/cp
ac_cv_path_EGREP='/bin/grep -E'
ac_cv_path_GMSGFMT=/usr/bin/gmsgfmt
ac_cv_path_GREP=/bin/grep
ac_cv_path_MSGFMT=/usr/bin/msgfmt
ac_cv_path_MSGMERGE=/usr/bin/msgmerge
ac_cv_path_MV=/usr/bin/mv
ac_cv_path_PKG_CONFIG=/usr/bin/pkg-config
ac_cv_path_RANLIB=/usr/bin/ranlib
ac_cv_path_RM=/usr/bin/rm
ac_cv_path_XGETTEXT=/usr/bin/xgettext
ac_cv_path_install='/usr/bin/install -c'
ac_cv_prog_CC=gcc
ac_cv_prog_CPP='gcc -E'
ac_cv_prog_ac_ct_CC=gcc
ac_cv_prog_ac_ct_CXX=g++
ac_cv_prog_cc_c89=
ac_cv_prog_cc_g=yes
ac_cv_prog_cxx_g=yes
ac_cv_prog_make_make_set=yes
ac_cv_target=x86_64-unknown-linux-gnu
acl_cv_hardcode_direct=no
acl_cv_hardcode_libdir_flag_spec='${wl}-rpath ${wl}$libdir'
acl_cv_hardcode_libdir_separator=
acl_cv_hardcode_minus_L=no
acl_cv_libext=a
acl_cv_path_LD=/usr/x86_64-pc-linux-gnu/bin/ld
acl_cv_prog_gnu_ld=yes
acl_cv_rpath=done
acl_cv_shlibext=so
acl_cv_wl=-Wl,
am_cv_CCAS_dependencies_compiler_type=none
gt_cv_func_gnugettext1_libc=yes

## ----------------- ##
## Output variables. ##
## ----------------- ##

AMDEPBACKSLASH='\'
AMDEP_FALSE='#'
AMDEP_TRUE=''
AR='/usr/bin/ar'
AUDACIOUS_CFLAGS='-I/usr/include/glib-2.0 -I/usr/lib64/glib-2.0/include -I/usr/include/gtk-2.0 -I/usr/include/libmowgli -I/usr/lib64/gtk-2.0/include -I/usr/include/atk-1.0 -I/usr/include/cairo -I/usr/include/pango-1.0 -I/usr/include/freetype2 -I/usr/include/libpng12  '
AUDACIOUS_LIBS='-laudclient -lgtk-x11-2.0 -lmcs -lgdk-x11-2.0 -latk-1.0 -lgdk_pixbuf-2.0 -lm -lpangocairo-1.0 -lpango-1.0 -lcairo -lgobject-2.0 -lgmodule-2.0 -ldl -lglib-2.0 -lmowgli  '
CC='gcc'
CCAS='gcc'
CCASDEPMODE='depmode=none'
CCASFLAGS='-g -O2 -pipe -Wall'
CFLAGS='-g -O2 -pipe -Wall '
CLEAN_LIB=''
CP='/usr/bin/cp'
CPP='gcc -E'
CPPFLAGS=''
CXX='g++'
CXXFLAGS='-g -O2 -pipe -Wall'
DEFS='-DHAVE_CONFIG_H'
DEPDIR='.deps'
ECHO_C=''
ECHO_N='-n'
ECHO_T=''
EGREP='/bin/grep -E'
EXEEXT=''
GMSGFMT='/usr/bin/gmsgfmt'
GREP='/bin/grep'
INSTALL_DATA='${INSTALL} -m 644'
INSTALL_LIB='${INSTALL} -m 755 $$i ${DESTDIR}${libdir}/$$i.${LIB_MAJOR}.${LIB_MINOR}.0 && ${LN_S} -f $$i.${LIB_MAJOR}.${LIB_MINOR}.0 ${DESTDIR}${libdir}/$$i.${LIB_MAJOR} && ${LN_S} -f $$i.${LIB_MAJOR}.${LIB_MINOR}.0 ${DESTDIR}${libdir}/$$i'
INSTALL_PROGRAM='${INSTALL}'
INSTALL_SCRIPT='${INSTALL}'
INTLLIBS=''
LDFLAGS=''
LIBBEEP_MAJOR_VERSION='2'
LIBBEEP_MICRO_VERSION='0'
LIBBEEP_MINOR_VERSION='0'
LIBICONV='-liconv'
LIBINTL=''
LIBOBJS=''
LIBS=''
LIB_CFLAGS='-fPIC'
LIB_CPPFLAGS='-DPIC'
LIB_LDFLAGS='-shared -fPIC -Wl,-soname=${LIB}.${LIB_MAJOR}.${LIB_MINOR}.0'
LIB_PREFIX='lib'
LIB_SUFFIX='.so'
LN_S='ln -s'
LTLIBICONV='-liconv'
LTLIBINTL=''
LTLIBOBJS=''
MKINSTALLDIRS='$(top_builddir)/./mkinstalldirs'
MOWGLI_CFLAGS='-I/usr/include/libmowgli  '
MOWGLI_LIBS='-lmowgli  '
MSGFMT='/usr/bin/msgfmt'
MSGMERGE='/usr/bin/msgmerge'
MV='/usr/bin/mv'
OBJEXT='o'
PACKAGE='audacious-plugins'
PACKAGE_BUGREPORT='bugs+audacious-plugins@atheme.org'
PACKAGE_NAME='audacious-plugins'
PACKAGE_STRING='audacious-plugins 1.4.0'
PACKAGE_TARNAME='audacious-plugins'
PACKAGE_VERSION='1.4.0'
PATH_SEPARATOR=':'
PC_REQUIRES='audacious >= 1.3.99, libmowgli >= 0.2.0'
PKG_CONFIG='/usr/bin/pkg-config'
PLUGIN_CFLAGS='-fPIC'
PLUGIN_CPPFLAGS='-DPIC'
PLUGIN_LDFLAGS='-shared -fPIC'
PLUGIN_SUFFIX='.so'
POSUB='po'
PROG_IMPLIB_LDFLAGS=''
PROG_IMPLIB_NEEDED='no'
RANLIB='/usr/bin/ranlib'
RM='/usr/bin/rm'
SET_MAKE=''
SHELL='/bin/sh'
UNINSTALL_LIB='rm -f ${DESTDIR}${libdir}/$$i ${DESTDIR}${libdir}/$$i.${LIB_MAJOR} ${DESTDIR}${libdir}/$$i.${LIB_MAJOR}.${LIB_MINOR}.0'
USE_NLS='yes'
VERSION='1.4.0'
XGETTEXT='/usr/bin/xgettext'
ac_ct_CC='gcc'
ac_ct_CXX='g++'
am__fastdepCCAS_FALSE=''
am__fastdepCCAS_TRUE='#'
am__include='include'
am__leading_dot='.'
am__quote=''
bindir='${exec_prefix}/bin'
build='x86_64-unknown-linux-gnu'
build_alias=''
build_cpu='x86_64'
build_os='linux-gnu'
build_vendor='unknown'
datadir='${datarootdir}'
datarootdir='${prefix}/share'
docdir='${datarootdir}/doc/${PACKAGE_TARNAME}'
dvidir='${docdir}'
exec_prefix='${prefix}'
host='x86_64-unknown-linux-gnu'
host_alias=''
host_cpu='x86_64'
host_os='linux-gnu'
host_vendor='unknown'
htmldir='${docdir}'
includedir='${prefix}/include'
infodir='${datarootdir}/info'
libdir='${exec_prefix}/lib'
libexecdir='${exec_prefix}/libexec'
localedir='${datarootdir}/locale'
localstatedir='${prefix}/var'
mandir='${datarootdir}/man'
oldincludedir='/usr/include'
pdfdir='${docdir}'
prefix='/usr/local'
program_transform_name='s,x,x,'
psdir='${docdir}'
sbindir='${exec_prefix}/sbin'
sharedstatedir='${prefix}/com'
sysconfdir='${prefix}/etc'
target='x86_64-unknown-linux-gnu'
target_alias=''
target_cpu='x86_64'
target_os='linux-gnu'
target_vendor='unknown'

## ----------- ##
## confdefs.h. ##
## ----------- ##

#define PACKAGE_NAME "audacious-plugins"
#define PACKAGE_TARNAME "audacious-plugins"
#define PACKAGE_VERSION "1.4.0"
#define PACKAGE_STRING "audacious-plugins 1.4.0"
#define PACKAGE_BUGREPORT "bugs+audacious-plugins@atheme.org"
#define PACKAGE "audacious-plugins"
#define VERSION "1.4.0"
#define STDC_HEADERS 1
#define HAVE_SYS_TYPES_H 1
#define HAVE_SYS_STAT_H 1
#define HAVE_STDLIB_H 1
#define HAVE_STRING_H 1
#define HAVE_MEMORY_H 1
#define HAVE_STRINGS_H 1
#define HAVE_INTTYPES_H 1
#define HAVE_STDINT_H 1
#define HAVE_UNISTD_H 1
#define ENABLE_NLS 1
#define HAVE_GETTEXT 1
#define HAVE_DCGETTEXT 1

configure: exit 1

## ---------------------- ##
## Running config.status. ##
## ---------------------- ##

This file was extended by audacious-plugins config.status 1.4.0, which was
generated by GNU Autoconf 2.61.  Invocation command line was

  CONFIG_FILES    = 
  CONFIG_HEADERS  = 
  CONFIG_LINKS    = 
  CONFIG_COMMANDS = 
  $ ./config.status 

on petrie

config.status:689: creating buildsys.mk
config.status:689: creating extra.mk
config.status:689: creating config.h
config.status:925: executing depfiles commands
config.status:925: executing default-1 commands
